<?xml version="1.0" encoding="UTF-8"?>
<!-- Generated by org.testng.reporters.JUnitReportReporter -->
<testsuite hostname="CO-IT01454" name="proyectoUno.tareaUnoTraining" tests="9" failures="0" timestamp="12 Oct 2017 18:45:51 GMT" time="0.041" errors="0">
  <testcase name="primerTest" time="0.005" classname="proyectoUno.tareaUnoTraining"/>
  <testcase name="segundoTest" time="0.002" classname="proyectoUno.tareaUnoTraining"/>
  <testcase name="primerTest" time="0.002" classname="proyectoUno.tareaUnoTraining"/>
  <testcase name="segundoTest" time="0.002" classname="proyectoUno.tareaUnoTraining"/>
  <testcase name="segundoTest" time="0.004" classname="proyectoUno.tareaUnoTraining"/>
  <testcase name="primerTest" time="0.002" classname="proyectoUno.tareaUnoTraining"/>
  <testcase name="tercerTest" time="0.018" classname="proyectoUno.tareaUnoTraining"/>
  <testcase name="cuartoTest" time="0.003" classname="proyectoUno.tareaUnoTraining"/>
  <testcase name="segundoTest" time="0.003" classname="proyectoUno.tareaUnoTraining"/>
</testsuite> <!-- proyectoUno.tareaUnoTraining -->
